
*** Running vivado
    with args -log bram_bar_zero4k.vds -m64 -product Vivado -mode batch -messageDb vivado.pb -notrace -source bram_bar_zero4k.tcl



****** Vivado v2025.2 (64-bit)
  **** SW Build 6299465 on Fri Nov 14 19:35:11 GMT 2025
  **** IP Build 6300035 on Fri Nov 14 10:48:45 MST 2025
  **** SharedData Build 6298862 on Thu Nov 13 04:50:51 MST 2025
  **** Start of session at: Mon Feb  9 18:13:11 2026
    ** Copyright 1986-2022 Xilinx, Inc. All Rights Reserved.
    ** Copyright 2022-2025 Advanced Micro Devices, Inc. All Rights Reserved.

source bram_bar_zero4k.tcl -notrace
create_project: Time (s): cpu = 00:00:14 ; elapsed = 00:00:11 . Memory (MB): peak = 527.707 ; gain = 223.777
Command: synth_design -top bram_bar_zero4k -part xc7a75tfgg484-2 -incremental_mode off -mode out_of_context
Starting synth_design
Attempting to get a license for feature 'Synthesis' and/or device 'xc7a75t'
INFO: [Common 17-349] Got license for feature 'Synthesis' and/or device 'xc7a75t'
INFO: [Device 21-403] Loading part xc7a75tfgg484-2
INFO: [Synth 8-7079] Multithreading enabled for synth_design using a maximum of 2 processes.
INFO: [Synth 8-7078] Launching helper process for spawning children vivado processes
INFO: [Synth 8-7075] Helper process launched with PID 19104
---------------------------------------------------------------------------------
Starting RTL Elaboration : Time (s): cpu = 00:00:11 ; elapsed = 00:00:13 . Memory (MB): peak = 1280.234 ; gain = 540.730
---------------------------------------------------------------------------------
INFO: [Synth 8-638] synthesizing module 'bram_bar_zero4k' [c:/Users/angel/Desktop/starlight-immortal75t/firmware/pcileech_75t484_x1/pcileech_75t484_x1.gen/sources_1/ip/bram_bar_zero4k/synth/bram_bar_zero4k.vhd:73]
	Parameter C_FAMILY bound to: artix7 - type: string 
	Parameter C_XDEVICEFAMILY bound to: artix7 - type: string 
	Parameter C_ELABORATION_DIR bound to: ./ - type: string 
	Parameter C_INTERFACE_TYPE bound to: 0 - type: integer 
	Parameter C_AXI_TYPE bound to: 1 - type: integer 
	Parameter C_AXI_SLAVE_TYPE bound to: 0 - type: integer 
	Parameter C_USE_BRAM_BLOCK bound to: 0 - type: integer 
	Parameter C_ENABLE_32BIT_ADDRESS bound to: 0 - type: integer 
	Parameter C_CTRL_ECC_ALGO bound to: NONE - type: string 
	Parameter C_HAS_AXI_ID bound to: 0 - type: integer 
	Parameter C_AXI_ID_WIDTH bound to: 4 - type: integer 
	Parameter C_MEM_TYPE bound to: 1 - type: integer 
	Parameter C_BYTE_SIZE bound to: 8 - type: integer 
	Parameter C_ALGORITHM bound to: 1 - type: integer 
	Parameter C_PRIM_TYPE bound to: 1 - type: integer 
	Parameter C_LOAD_INIT_FILE bound to: 1 - type: integer 
	Parameter C_INIT_FILE_NAME bound to: bram_bar_zero4k.mif - type: string 
	Parameter C_INIT_FILE bound to: bram_bar_zero4k.mem - type: string 
	Parameter C_USE_DEFAULT_DATA bound to: 0 - type: integer 
	Parameter C_DEFAULT_DATA bound to: 0 - type: string 
	Parameter C_HAS_RSTA bound to: 0 - type: integer 
	Parameter C_RST_PRIORITY_A bound to: CE - type: string 
	Parameter C_RSTRAM_A bound to: 0 - type: integer 
	Parameter C_INITA_VAL bound to: 0 - type: string 
	Parameter C_HAS_ENA bound to: 1 - type: integer 
	Parameter C_HAS_REGCEA bound to: 0 - type: integer 
	Parameter C_USE_BYTE_WEA bound to: 1 - type: integer 
	Parameter C_WEA_WIDTH bound to: 4 - type: integer 
	Parameter C_WRITE_MODE_A bound to: NO_CHANGE - type: string 
	Parameter C_WRITE_WIDTH_A bound to: 32 - type: integer 
	Parameter C_READ_WIDTH_A bound to: 32 - type: integer 
	Parameter C_WRITE_DEPTH_A bound to: 1024 - type: integer 
	Parameter C_READ_DEPTH_A bound to: 1024 - type: integer 
	Parameter C_ADDRA_WIDTH bound to: 10 - type: integer 
	Parameter C_HAS_RSTB bound to: 0 - type: integer 
	Parameter C_RST_PRIORITY_B bound to: CE - type: string 
	Parameter C_RSTRAM_B bound to: 0 - type: integer 
	Parameter C_INITB_VAL bound to: 0 - type: string 
	Parameter C_HAS_ENB bound to: 1 - type: integer 
	Parameter C_HAS_REGCEB bound to: 0 - type: integer 
	Parameter C_USE_BYTE_WEB bound to: 1 - type: integer 
	Parameter C_WEB_WIDTH bound to: 4 - type: integer 
	Parameter C_WRITE_MODE_B bound to: READ_FIRST - type: string 
	Parameter C_WRITE_WIDTH_B bound to: 32 - type: integer 
	Parameter C_READ_WIDTH_B bound to: 32 - type: integer 
	Parameter C_WRITE_DEPTH_B bound to: 1024 - type: integer 
	Parameter C_READ_DEPTH_B bound to: 1024 - type: integer 
	Parameter C_ADDRB_WIDTH bound to: 10 - type: integer 
	Parameter C_HAS_MEM_OUTPUT_REGS_A bound to: 0 - type: integer 
	Parameter C_HAS_MEM_OUTPUT_REGS_B bound to: 0 - type: integer 
	Parameter C_HAS_MUX_OUTPUT_REGS_A bound to: 0 - type: integer 
	Parameter C_HAS_MUX_OUTPUT_REGS_B bound to: 0 - type: integer 
	Parameter C_MUX_PIPELINE_STAGES bound to: 0 - type: integer 
	Parameter C_HAS_SOFTECC_INPUT_REGS_A bound to: 0 - type: integer 
	Parameter C_HAS_SOFTECC_OUTPUT_REGS_B bound to: 0 - type: integer 
	Parameter C_USE_SOFTECC bound to: 0 - type: integer 
	Parameter C_USE_ECC bound to: 0 - type: integer 
	Parameter C_EN_ECC_PIPE bound to: 0 - type: integer 
	Parameter C_READ_LATENCY_A bound to: 1 - type: integer 
	Parameter C_READ_LATENCY_B bound to: 1 - type: integer 
	Parameter C_HAS_INJECTERR bound to: 0 - type: integer 
	Parameter C_SIM_COLLISION_CHECK bound to: ALL - type: string 
	Parameter C_COMMON_CLK bound to: 1 - type: integer 
	Parameter C_DISABLE_WARN_BHV_COLL bound to: 0 - type: integer 
	Parameter C_EN_SLEEP_PIN bound to: 0 - type: integer 
	Parameter C_USE_URAM bound to: 0 - type: integer 
	Parameter C_EN_RDADDRA_CHG bound to: 0 - type: integer 
	Parameter C_EN_RDADDRB_CHG bound to: 0 - type: integer 
	Parameter C_EN_DEEPSLEEP_PIN bound to: 0 - type: integer 
	Parameter C_EN_SHUTDOWN_PIN bound to: 0 - type: integer 
	Parameter C_EN_SAFETY_CKT bound to: 0 - type: integer 
	Parameter C_DISABLE_WARN_BHV_RANGE bound to: 0 - type: integer 
	Parameter C_COUNT_36K_BRAM bound to: 1 - type: string 
	Parameter C_COUNT_18K_BRAM bound to: 0 - type: string 
	Parameter C_EST_POWER_SUMMARY bound to: Estimated Power for IP     :     5.466975 mW - type: string 
INFO: [Synth 8-3491] module 'blk_mem_gen_v8_4_12' declared at 'c:/Users/angel/Desktop/starlight-immortal75t/firmware/pcileech_75t484_x1/pcileech_75t484_x1.gen/sources_1/ip/bram_bar_zero4k/hdl/blk_mem_gen_v8_4_vhsyn_rfs.vhd:195209' bound to instance 'U0' of component 'blk_mem_gen_v8_4_12' [c:/Users/angel/Desktop/starlight-immortal75t/firmware/pcileech_75t484_x1/pcileech_75t484_x1.gen/sources_1/ip/bram_bar_zero4k/synth/bram_bar_zero4k.vhd:246]
INFO: [Synth 8-256] done synthesizing module 'bram_bar_zero4k' (0#1) [c:/Users/angel/Desktop/starlight-immortal75t/firmware/pcileech_75t484_x1/pcileech_75t484_x1.gen/sources_1/ip/bram_bar_zero4k/synth/bram_bar_zero4k.vhd:73]
INFO: [Synth 8-7129] Port CLKB in module blk_mem_output_block is either unconnected or has no load
INFO: [Synth 8-7129] Port DOUTA_I[31] in module blk_mem_output_block is either unconnected or has no load
INFO: [Synth 8-7129] Port DOUTA_I[30] in module blk_mem_output_block is either unconnected or has no load
INFO: [Synth 8-7129] Port DOUTA_I[29] in module blk_mem_output_block is either unconnected or has no load
INFO: [Synth 8-7129] Port DOUTA_I[28] in module blk_mem_output_block is either unconnected or has no load
INFO: [Synth 8-7129] Port DOUTA_I[27] in module blk_mem_output_block is either unconnected or has no load
INFO: [Synth 8-7129] Port DOUTA_I[26] in module blk_mem_output_block is either unconnected or has no load
INFO: [Synth 8-7129] Port DOUTA_I[25] in module blk_mem_output_block is either unconnected or has no load
INFO: [Synth 8-7129] Port DOUTA_I[24] in module blk_mem_output_block is either unconnected or has no load
INFO: [Synth 8-7129] Port DOUTA_I[23] in module blk_mem_output_block is either unconnected or has no load
INFO: [Synth 8-7129] Port DOUTA_I[22] in module blk_mem_output_block is either unconnected or has no load
INFO: [Synth 8-7129] Port DOUTA_I[21] in module blk_mem_output_block is either unconnected or has no load
INFO: [Synth 8-7129] Port DOUTA_I[20] in module blk_mem_output_block is either unconnected or has no load
INFO: [Synth 8-7129] Port DOUTA_I[19] in module blk_mem_output_block is either unconnected or has no load
INFO: [Synth 8-7129] Port DOUTA_I[18] in module blk_mem_output_block is either unconnected or has no load
INFO: [Synth 8-7129] Port DOUTA_I[17] in module blk_mem_output_block is either unconnected or has no load
INFO: [Synth 8-7129] Port DOUTA_I[16] in module blk_mem_output_block is either unconnected or has no load
INFO: [Synth 8-7129] Port DOUTA_I[15] in module blk_mem_output_block is either unconnected or has no load
INFO: [Synth 8-7129] Port DOUTA_I[14] in module blk_mem_output_block is either unconnected or has no load
INFO: [Synth 8-7129] Port DOUTA_I[13] in module blk_mem_output_block is either unconnected or has no load
INFO: [Synth 8-7129] Port DOUTA_I[12] in module blk_mem_output_block is either unconnected or has no load
INFO: [Synth 8-7129] Port DOUTA_I[11] in module blk_mem_output_block is either unconnected or has no load
INFO: [Synth 8-7129] Port DOUTA_I[10] in module blk_mem_output_block is either unconnected or has no load
INFO: [Synth 8-7129] Port DOUTA_I[9] in module blk_mem_output_block is either unconnected or has no load
INFO: [Synth 8-7129] Port DOUTA_I[8] in module blk_mem_output_block is either unconnected or has no load
INFO: [Synth 8-7129] Port DOUTA_I[7] in module blk_mem_output_block is either unconnected or has no load
INFO: [Synth 8-7129] Port DOUTA_I[6] in module blk_mem_output_block is either unconnected or has no load
INFO: [Synth 8-7129] Port DOUTA_I[5] in module blk_mem_output_block is either unconnected or has no load
INFO: [Synth 8-7129] Port DOUTA_I[4] in module blk_mem_output_block is either unconnected or has no load
INFO: [Synth 8-7129] Port DOUTA_I[3] in module blk_mem_output_block is either unconnected or has no load
INFO: [Synth 8-7129] Port DOUTA_I[2] in module blk_mem_output_block is either unconnected or has no load
INFO: [Synth 8-7129] Port DOUTA_I[1] in module blk_mem_output_block is either unconnected or has no load
INFO: [Synth 8-7129] Port DOUTA_I[0] in module blk_mem_output_block is either unconnected or has no load
INFO: [Synth 8-7129] Port SBITERR_I in module blk_mem_output_block is either unconnected or has no load
INFO: [Synth 8-7129] Port DBITERR_I in module blk_mem_output_block is either unconnected or has no load
INFO: [Synth 8-7129] Port RDADDRECC_I[9] in module blk_mem_output_block is either unconnected or has no load
INFO: [Synth 8-7129] Port RDADDRECC_I[8] in module blk_mem_output_block is either unconnected or has no load
INFO: [Synth 8-7129] Port RDADDRECC_I[7] in module blk_mem_output_block is either unconnected or has no load
INFO: [Synth 8-7129] Port RDADDRECC_I[6] in module blk_mem_output_block is either unconnected or has no load
INFO: [Synth 8-7129] Port RDADDRECC_I[5] in module blk_mem_output_block is either unconnected or has no load
INFO: [Synth 8-7129] Port RDADDRECC_I[4] in module blk_mem_output_block is either unconnected or has no load
INFO: [Synth 8-7129] Port RDADDRECC_I[3] in module blk_mem_output_block is either unconnected or has no load
INFO: [Synth 8-7129] Port RDADDRECC_I[2] in module blk_mem_output_block is either unconnected or has no load
INFO: [Synth 8-7129] Port RDADDRECC_I[1] in module blk_mem_output_block is either unconnected or has no load
INFO: [Synth 8-7129] Port RDADDRECC_I[0] in module blk_mem_output_block is either unconnected or has no load
INFO: [Synth 8-7129] Port DOUTA[35] in module blk_mem_gen_prim_wrapper_init is either unconnected or has no load
INFO: [Synth 8-7129] Port DOUTA[34] in module blk_mem_gen_prim_wrapper_init is either unconnected or has no load
INFO: [Synth 8-7129] Port DOUTA[33] in module blk_mem_gen_prim_wrapper_init is either unconnected or has no load
INFO: [Synth 8-7129] Port DOUTA[32] in module blk_mem_gen_prim_wrapper_init is either unconnected or has no load
INFO: [Synth 8-7129] Port DOUTA[31] in module blk_mem_gen_prim_wrapper_init is either unconnected or has no load
INFO: [Synth 8-7129] Port DOUTA[30] in module blk_mem_gen_prim_wrapper_init is either unconnected or has no load
INFO: [Synth 8-7129] Port DOUTA[29] in module blk_mem_gen_prim_wrapper_init is either unconnected or has no load
INFO: [Synth 8-7129] Port DOUTA[28] in module blk_mem_gen_prim_wrapper_init is either unconnected or has no load
INFO: [Synth 8-7129] Port DOUTA[27] in module blk_mem_gen_prim_wrapper_init is either unconnected or has no load
INFO: [Synth 8-7129] Port DOUTA[26] in module blk_mem_gen_prim_wrapper_init is either unconnected or has no load
INFO: [Synth 8-7129] Port DOUTA[25] in module blk_mem_gen_prim_wrapper_init is either unconnected or has no load
INFO: [Synth 8-7129] Port DOUTA[24] in module blk_mem_gen_prim_wrapper_init is either unconnected or has no load
INFO: [Synth 8-7129] Port DOUTA[23] in module blk_mem_gen_prim_wrapper_init is either unconnected or has no load
INFO: [Synth 8-7129] Port DOUTA[22] in module blk_mem_gen_prim_wrapper_init is either unconnected or has no load
INFO: [Synth 8-7129] Port DOUTA[21] in module blk_mem_gen_prim_wrapper_init is either unconnected or has no load
INFO: [Synth 8-7129] Port DOUTA[20] in module blk_mem_gen_prim_wrapper_init is either unconnected or has no load
INFO: [Synth 8-7129] Port DOUTA[19] in module blk_mem_gen_prim_wrapper_init is either unconnected or has no load
INFO: [Synth 8-7129] Port DOUTA[18] in module blk_mem_gen_prim_wrapper_init is either unconnected or has no load
INFO: [Synth 8-7129] Port DOUTA[17] in module blk_mem_gen_prim_wrapper_init is either unconnected or has no load
INFO: [Synth 8-7129] Port DOUTA[16] in module blk_mem_gen_prim_wrapper_init is either unconnected or has no load
INFO: [Synth 8-7129] Port DOUTA[15] in module blk_mem_gen_prim_wrapper_init is either unconnected or has no load
INFO: [Synth 8-7129] Port DOUTA[14] in module blk_mem_gen_prim_wrapper_init is either unconnected or has no load
INFO: [Synth 8-7129] Port DOUTA[13] in module blk_mem_gen_prim_wrapper_init is either unconnected or has no load
INFO: [Synth 8-7129] Port DOUTA[12] in module blk_mem_gen_prim_wrapper_init is either unconnected or has no load
INFO: [Synth 8-7129] Port DOUTA[11] in module blk_mem_gen_prim_wrapper_init is either unconnected or has no load
INFO: [Synth 8-7129] Port DOUTA[10] in module blk_mem_gen_prim_wrapper_init is either unconnected or has no load
INFO: [Synth 8-7129] Port DOUTA[9] in module blk_mem_gen_prim_wrapper_init is either unconnected or has no load
INFO: [Synth 8-7129] Port DOUTA[8] in module blk_mem_gen_prim_wrapper_init is either unconnected or has no load
INFO: [Synth 8-7129] Port DOUTA[7] in module blk_mem_gen_prim_wrapper_init is either unconnected or has no load
INFO: [Synth 8-7129] Port DOUTA[6] in module blk_mem_gen_prim_wrapper_init is either unconnected or has no load
INFO: [Synth 8-7129] Port DOUTA[5] in module blk_mem_gen_prim_wrapper_init is either unconnected or has no load
INFO: [Synth 8-7129] Port DOUTA[4] in module blk_mem_gen_prim_wrapper_init is either unconnected or has no load
INFO: [Synth 8-7129] Port DOUTA[3] in module blk_mem_gen_prim_wrapper_init is either unconnected or has no load
INFO: [Synth 8-7129] Port DOUTA[2] in module blk_mem_gen_prim_wrapper_init is either unconnected or has no load
INFO: [Synth 8-7129] Port DOUTA[1] in module blk_mem_gen_prim_wrapper_init is either unconnected or has no load
INFO: [Synth 8-7129] Port DOUTA[0] in module blk_mem_gen_prim_wrapper_init is either unconnected or has no load
INFO: [Synth 8-7129] Port SBITERR in module blk_mem_gen_prim_wrapper_init is either unconnected or has no load
INFO: [Synth 8-7129] Port DBITERR in module blk_mem_gen_prim_wrapper_init is either unconnected or has no load
INFO: [Synth 8-7129] Port SSRA in module blk_mem_gen_prim_wrapper_init is either unconnected or has no load
INFO: [Synth 8-7129] Port REGCEA in module blk_mem_gen_prim_wrapper_init is either unconnected or has no load
INFO: [Synth 8-7129] Port SSRB in module blk_mem_gen_prim_wrapper_init is either unconnected or has no load
INFO: [Synth 8-7129] Port WEB[3] in module blk_mem_gen_prim_wrapper_init is either unconnected or has no load
INFO: [Synth 8-7129] Port WEB[2] in module blk_mem_gen_prim_wrapper_init is either unconnected or has no load
INFO: [Synth 8-7129] Port WEB[1] in module blk_mem_gen_prim_wrapper_init is either unconnected or has no load
INFO: [Synth 8-7129] Port WEB[0] in module blk_mem_gen_prim_wrapper_init is either unconnected or has no load
INFO: [Synth 8-7129] Port DINB[35] in module blk_mem_gen_prim_wrapper_init is either unconnected or has no load
INFO: [Synth 8-7129] Port DINB[34] in module blk_mem_gen_prim_wrapper_init is either unconnected or has no load
INFO: [Synth 8-7129] Port DINB[33] in module blk_mem_gen_prim_wrapper_init is either unconnected or has no load
INFO: [Synth 8-7129] Port DINB[32] in module blk_mem_gen_prim_wrapper_init is either unconnected or has no load
INFO: [Synth 8-7129] Port DINB[31] in module blk_mem_gen_prim_wrapper_init is either unconnected or has no load
INFO: [Synth 8-7129] Port DINB[30] in module blk_mem_gen_prim_wrapper_init is either unconnected or has no load
INFO: [Synth 8-7129] Port DINB[29] in module blk_mem_gen_prim_wrapper_init is either unconnected or has no load
INFO: [Synth 8-7129] Port DINB[28] in module blk_mem_gen_prim_wrapper_init is either unconnected or has no load
INFO: [Synth 8-7129] Port DINB[27] in module blk_mem_gen_prim_wrapper_init is either unconnected or has no load
INFO: [Synth 8-7129] Port DINB[26] in module blk_mem_gen_prim_wrapper_init is either unconnected or has no load
INFO: [Common 17-14] Message 'Synth 8-7129' appears 100 times and further instances of the messages will be disabled. Use the Tcl command set_msg_config to change the current settings.
---------------------------------------------------------------------------------
Finished RTL Elaboration : Time (s): cpu = 00:00:24 ; elapsed = 00:00:26 . Memory (MB): peak = 1663.727 ; gain = 924.223
---------------------------------------------------------------------------------
---------------------------------------------------------------------------------
Start Handling Custom Attributes
---------------------------------------------------------------------------------
---------------------------------------------------------------------------------
Finished Handling Custom Attributes : Time (s): cpu = 00:00:24 ; elapsed = 00:00:26 . Memory (MB): peak = 1663.727 ; gain = 924.223
---------------------------------------------------------------------------------
---------------------------------------------------------------------------------
Finished RTL Optimization Phase 1 : Time (s): cpu = 00:00:24 ; elapsed = 00:00:26 . Memory (MB): peak = 1663.727 ; gain = 924.223
---------------------------------------------------------------------------------
Netlist sorting complete. Time (s): cpu = 00:00:00 ; elapsed = 00:00:00.026 . Memory (MB): peak = 1663.727 ; gain = 0.000
INFO: [Netlist 29-17] Analyzing 1 Unisim elements for replacement
INFO: [Netlist 29-28] Unisim Transformation completed in 0 CPU seconds
INFO: [Project 1-570] Preparing netlist for logic optimization

Processing XDC Constraints
Initializing timing engine
Parsing XDC File [c:/Users/angel/Desktop/starlight-immortal75t/firmware/pcileech_75t484_x1/pcileech_75t484_x1.gen/sources_1/ip/bram_bar_zero4k/bram_bar_zero4k_ooc.xdc] for cell 'U0'
Finished Parsing XDC File [c:/Users/angel/Desktop/starlight-immortal75t/firmware/pcileech_75t484_x1/pcileech_75t484_x1.gen/sources_1/ip/bram_bar_zero4k/bram_bar_zero4k_ooc.xdc] for cell 'U0'
Parsing XDC File [C:/Users/angel/Desktop/starlight-immortal75t/firmware/pcileech_75t484_x1/pcileech_75t484_x1.runs/bram_bar_zero4k_synth_1/dont_touch.xdc]
Finished Parsing XDC File [C:/Users/angel/Desktop/starlight-immortal75t/firmware/pcileech_75t484_x1/pcileech_75t484_x1.runs/bram_bar_zero4k_synth_1/dont_touch.xdc]
Completed Processing XDC Constraints

Netlist sorting complete. Time (s): cpu = 00:00:00 ; elapsed = 00:00:00 . Memory (MB): peak = 1663.727 ; gain = 0.000
INFO: [Project 1-111] Unisim Transformation Summary:
No Unisim elements were transformed.

Constraint Validation Runtime : Time (s): cpu = 00:00:00 ; elapsed = 00:00:00.037 . Memory (MB): peak = 1663.727 ; gain = 0.000
INFO: [Designutils 20-5008] Incremental synthesis strategy off
---------------------------------------------------------------------------------
Finished Constraint Validation : Time (s): cpu = 00:00:37 ; elapsed = 00:00:40 . Memory (MB): peak = 1663.727 ; gain = 924.223
---------------------------------------------------------------------------------
---------------------------------------------------------------------------------
Start Loading Part and Timing Information
---------------------------------------------------------------------------------
Loading part: xc7a75tfgg484-2
---------------------------------------------------------------------------------
Finished Loading Part and Timing Information : Time (s): cpu = 00:00:37 ; elapsed = 00:00:40 . Memory (MB): peak = 1663.727 ; gain = 924.223
---------------------------------------------------------------------------------
---------------------------------------------------------------------------------
Start Applying 'set_property' XDC Constraints
---------------------------------------------------------------------------------
---------------------------------------------------------------------------------
Finished applying 'set_property' XDC Constraints : Time (s): cpu = 00:00:37 ; elapsed = 00:00:40 . Memory (MB): peak = 1663.727 ; gain = 924.223
---------------------------------------------------------------------------------
---------------------------------------------------------------------------------
Finished RTL Optimization Phase 2 : Time (s): cpu = 00:00:38 ; elapsed = 00:00:40 . Memory (MB): peak = 1663.727 ; gain = 924.223
---------------------------------------------------------------------------------
---------------------------------------------------------------------------------
Start RTL Component Statistics 
---------------------------------------------------------------------------------
---------------------------------------------------------------------------------
Finished RTL Component Statistics 
---------------------------------------------------------------------------------
---------------------------------------------------------------------------------
Start Part Resource Summary
---------------------------------------------------------------------------------
Part Resources:
DSPs: 180 (col length:80)
BRAMs: 210 (col length: RAMB18 80 RAMB36 40)
---------------------------------------------------------------------------------
Finished Part Resource Summary
---------------------------------------------------------------------------------
---------------------------------------------------------------------------------
Start Cross Boundary and Area Optimization
---------------------------------------------------------------------------------
---------------------------------------------------------------------------------
Finished Cross Boundary and Area Optimization : Time (s): cpu = 00:00:40 ; elapsed = 00:00:43 . Memory (MB): peak = 1663.727 ; gain = 924.223
---------------------------------------------------------------------------------
---------------------------------------------------------------------------------
Start Applying XDC Timing Constraints
---------------------------------------------------------------------------------
---------------------------------------------------------------------------------
Finished Applying XDC Timing Constraints : Time (s): cpu = 00:00:49 ; elapsed = 00:00:52 . Memory (MB): peak = 1663.727 ; gain = 924.223
---------------------------------------------------------------------------------
---------------------------------------------------------------------------------
Start Timing Optimization
---------------------------------------------------------------------------------
---------------------------------------------------------------------------------
Finished Timing Optimization : Time (s): cpu = 00:00:49 ; elapsed = 00:00:52 . Memory (MB): peak = 1663.727 ; gain = 924.223
---------------------------------------------------------------------------------
---------------------------------------------------------------------------------
Start Technology Mapping
---------------------------------------------------------------------------------
---------------------------------------------------------------------------------
Finished Technology Mapping : Time (s): cpu = 00:00:49 ; elapsed = 00:00:52 . Memory (MB): peak = 1663.727 ; gain = 924.223
---------------------------------------------------------------------------------
---------------------------------------------------------------------------------
Start IO Insertion
---------------------------------------------------------------------------------
---------------------------------------------------------------------------------
Start Flattening Before IO Insertion
---------------------------------------------------------------------------------
---------------------------------------------------------------------------------
Finished Flattening Before IO Insertion
---------------------------------------------------------------------------------
---------------------------------------------------------------------------------
Start Final Netlist Cleanup
---------------------------------------------------------------------------------
---------------------------------------------------------------------------------
Finished Final Netlist Cleanup
---------------------------------------------------------------------------------
---------------------------------------------------------------------------------
Finished IO Insertion : Time (s): cpu = 00:00:55 ; elapsed = 00:00:59 . Memory (MB): peak = 1869.668 ; gain = 1130.164
---------------------------------------------------------------------------------
---------------------------------------------------------------------------------
Start Renaming Generated Instances
---------------------------------------------------------------------------------
---------------------------------------------------------------------------------
Finished Renaming Generated Instances : Time (s): cpu = 00:00:55 ; elapsed = 00:00:59 . Memory (MB): peak = 1869.668 ; gain = 1130.164
---------------------------------------------------------------------------------
---------------------------------------------------------------------------------
Start Rebuilding User Hierarchy
---------------------------------------------------------------------------------
---------------------------------------------------------------------------------
Finished Rebuilding User Hierarchy : Time (s): cpu = 00:00:55 ; elapsed = 00:00:59 . Memory (MB): peak = 1869.668 ; gain = 1130.164
---------------------------------------------------------------------------------
---------------------------------------------------------------------------------
Start Renaming Generated Ports
---------------------------------------------------------------------------------
---------------------------------------------------------------------------------
Finished Renaming Generated Ports : Time (s): cpu = 00:00:55 ; elapsed = 00:00:59 . Memory (MB): peak = 1869.668 ; gain = 1130.164
---------------------------------------------------------------------------------
---------------------------------------------------------------------------------
Start Handling Custom Attributes
---------------------------------------------------------------------------------
---------------------------------------------------------------------------------
Finished Handling Custom Attributes : Time (s): cpu = 00:00:55 ; elapsed = 00:00:59 . Memory (MB): peak = 1869.668 ; gain = 1130.164
---------------------------------------------------------------------------------
---------------------------------------------------------------------------------
Start Renaming Generated Nets
---------------------------------------------------------------------------------
---------------------------------------------------------------------------------
Finished Renaming Generated Nets : Time (s): cpu = 00:00:55 ; elapsed = 00:00:59 . Memory (MB): peak = 1869.668 ; gain = 1130.164
---------------------------------------------------------------------------------
---------------------------------------------------------------------------------
Start Writing Synthesis Report
---------------------------------------------------------------------------------

Report BlackBoxes: 
+-+--------------+----------+
| |BlackBox name |Instances |
+-+--------------+----------+
+-+--------------+----------+

Report Cell Usage: 
+------+---------+------+
|      |Cell     |Count |
+------+---------+------+
|1     |RAMB36E1 |     1|
+------+---------+------+
---------------------------------------------------------------------------------
Finished Writing Synthesis Report : Time (s): cpu = 00:00:55 ; elapsed = 00:00:59 . Memory (MB): peak = 1869.668 ; gain = 1130.164
---------------------------------------------------------------------------------
Synthesis finished with 0 errors, 0 critical warnings and 0 warnings.
Synthesis Optimization Runtime : Time (s): cpu = 00:00:27 ; elapsed = 00:00:55 . Memory (MB): peak = 1869.668 ; gain = 1130.164
Synthesis Optimization Complete : Time (s): cpu = 00:00:55 ; elapsed = 00:00:59 . Memory (MB): peak = 1869.668 ; gain = 1130.164
INFO: [Project 1-571] Translating synthesized netlist
Netlist sorting complete. Time (s): cpu = 00:00:00 ; elapsed = 00:00:00.007 . Memory (MB): peak = 1869.668 ; gain = 0.000
INFO: [Netlist 29-17] Analyzing 1 Unisim elements for replacement
INFO: [Netlist 29-28] Unisim Transformation completed in 0 CPU seconds
INFO: [Project 1-570] Preparing netlist for logic optimization
INFO: [Opt 31-138] Pushed 0 inverter(s) to 0 load pin(s).
Netlist sorting complete. Time (s): cpu = 00:00:00 ; elapsed = 00:00:00 . Memory (MB): peak = 1883.484 ; gain = 0.000
INFO: [Project 1-111] Unisim Transformation Summary:
No Unisim elements were transformed.

Synth Design complete | Checksum: 5d9fa3ce
INFO: [Common 17-83] Releasing license: Synthesis
121 Infos, 0 Warnings, 0 Critical Warnings and 0 Errors encountered.
synth_design completed successfully
synth_design: Time (s): cpu = 00:01:02 ; elapsed = 00:01:07 . Memory (MB): peak = 1883.484 ; gain = 1344.328
INFO: [Common 17-1381] The checkpoint 'C:/Users/angel/Desktop/starlight-immortal75t/firmware/pcileech_75t484_x1/pcileech_75t484_x1.runs/bram_bar_zero4k_synth_1/bram_bar_zero4k.dcp' has been generated.
INFO: [Coretcl 2-1648] Added synthesis output to IP cache for IP bram_bar_zero4k, cache-ID = 9f3e808c23da2d93
INFO: [Coretcl 2-1174] Renamed 6 cell refs.
INFO: [Common 17-1381] The checkpoint 'C:/Users/angel/Desktop/starlight-immortal75t/firmware/pcileech_75t484_x1/pcileech_75t484_x1.runs/bram_bar_zero4k_synth_1/bram_bar_zero4k.dcp' has been generated.
INFO: [Vivado 12-24828] Executing command : report_utilization -file bram_bar_zero4k_utilization_synth.rpt -pb bram_bar_zero4k_utilization_synth.pb
INFO: [Common 17-206] Exiting Vivado at Mon Feb  9 18:14:36 2026...
